SF:/home/jack/projects/template-cpp-project/packages/enginelib/include/enginelib/engine.hpp
FN:19,_ZNK9enginelib6Engine7elapsedEv
FN:33,_ZN9enginelib7combineEdd
FNDA:0,_ZNK9enginelib6Engine7elapsedEv
FNDA:0,_ZN9enginelib7combineEdd
FNF:2
FNH:0
DA:19,0
DA:33,0
DA:34,0
DA:35,0
BRF:0
BRH:0
LF:4
LH:0
end_of_record
SF:/home/jack/projects/template-cpp-project/packages/enginelib/src/engine.cpp
FN:10,_ZN9enginelib6EngineC2Ev
FN:12,_ZN9enginelib6Engine7advanceEd
FN:18,_ZNK9enginelib6Engine5noiseEdd
FNDA:4,_ZN9enginelib6EngineC2Ev
FNDA:2,_ZN9enginelib6Engine7advanceEd
FNDA:2,_ZNK9enginelib6Engine5noiseEdd
FNF:3
FNH:3
DA:10,4
DA:12,2
DA:13,2
DA:14,2
DA:15,2
DA:16,2
DA:18,2
DA:19,2
DA:20,2
DA:21,2
DA:22,2
BRF:0
BRH:0
LF:11
LH:11
end_of_record
SF:/home/jack/projects/template-cpp-project/packages/enginelib/tests/src/test_engine.cpp
FN:5,test_engine.cpp:_ZL22CATCH2_INTERNAL_TEST_0v
FN:10,test_engine.cpp:_ZL22CATCH2_INTERNAL_TEST_2v
FN:18,test_engine.cpp:_ZL22CATCH2_INTERNAL_TEST_4v
FN:22,test_engine.cpp:_ZL22CATCH2_INTERNAL_TEST_6v
FNDA:1,test_engine.cpp:_ZL22CATCH2_INTERNAL_TEST_0v
FNDA:1,test_engine.cpp:_ZL22CATCH2_INTERNAL_TEST_2v
FNDA:1,test_engine.cpp:_ZL22CATCH2_INTERNAL_TEST_4v
FNDA:1,test_engine.cpp:_ZL22CATCH2_INTERNAL_TEST_6v
FNF:4
FNH:4
DA:5,1
DA:6,1
DA:7,1
DA:8,1
DA:10,1
DA:11,1
DA:12,1
DA:13,1
DA:14,1
DA:15,1
DA:16,1
DA:18,1
DA:19,1
DA:20,1
DA:22,1
DA:23,1
DA:24,1
DA:26,1
BRDA:7,0,0,0
BRDA:7,0,1,1
BRDA:14,0,0,0
BRDA:14,0,1,1
BRDA:19,0,0,0
BRDA:19,0,1,1
BRDA:25,0,0,0
BRDA:25,0,1,1
BRF:4
BRH:4
LF:15
LH:15
end_of_record
