SF:/home/jack/projects/template-cpp-project/packages/enginelib/include/enginelib/engine.hpp
FN:19,_ZNK9enginelib6Engine7elapsedEv
FN:28,_ZN9enginelib7combineEdd
FNDA:0,_ZNK9enginelib6Engine7elapsedEv
FNDA:0,_ZN9enginelib7combineEdd
FNF:2
FNH:0
DA:19,0
DA:28,0
DA:29,0
DA:30,0
BRF:0
BRH:0
LF:4
LH:0
end_of_record
SF:/home/jack/projects/template-cpp-project/packages/enginelib/src/engine.cpp
FN:7,_ZN9enginelib6EngineC2Ev
FN:9,_ZN9enginelib6Engine7advanceEd
FNDA:2,_ZN9enginelib6EngineC2Ev
FNDA:2,_ZN9enginelib6Engine7advanceEd
FNF:2
FNH:2
DA:7,2
DA:9,2
DA:10,2
DA:11,2
DA:12,2
DA:13,2
BRF:0
BRH:0
LF:6
LH:6
end_of_record
SF:/home/jack/projects/template-cpp-project/packages/enginelib/tests/src/test_engine.cpp
FN:5,test_engine.cpp:_ZL22CATCH2_INTERNAL_TEST_0v
FN:10,test_engine.cpp:_ZL22CATCH2_INTERNAL_TEST_2v
FN:18,test_engine.cpp:_ZL22CATCH2_INTERNAL_TEST_4v
FNDA:1,test_engine.cpp:_ZL22CATCH2_INTERNAL_TEST_0v
FNDA:1,test_engine.cpp:_ZL22CATCH2_INTERNAL_TEST_2v
FNDA:1,test_engine.cpp:_ZL22CATCH2_INTERNAL_TEST_4v
FNF:3
FNH:3
DA:5,1
DA:6,1
DA:7,1
DA:8,1
DA:10,1
DA:11,1
DA:12,1
DA:13,1
DA:14,1
DA:15,1
DA:16,1
DA:18,1
DA:20,1
BRDA:7,0,0,0
BRDA:7,0,1,1
BRDA:14,0,0,0
BRDA:14,0,1,1
BRDA:19,0,0,0
BRDA:19,0,1,1
BRF:3
BRH:3
LF:11
LH:11
end_of_record
